11:42:12 DEBUG: Hooks - ***** START of Scenario: SeniorSoftware successfully *****
11:42:12 INFO : InitDriver - ===============================================================
11:42:12 INFO : InitDriver - |          Environment : ft
11:42:12 INFO : InitDriver - |          Operating System : Windows 10
11:42:12 INFO : InitDriver - |          Browser: chrome
11:42:12 INFO : InitDriver - |          Browser config file: chrome.properties
11:42:12 INFO : InitDriver - ===============================================================

11:42:12 DEBUG: WebDriverConfig - File: chrome.properties exists
11:42:12 INFO : WebLocatorConfig - 
	weblocator.log.containers=false
	weblocator.log.useClassName=false
	weblocator.log.xPath=true
	weblocator.log.retryException=true
	weblocator.log.suggestions=true
	weblocator.highlight=true
	weblocator.generateCssSelector=false
	weblocator.defaults.renderMillis=5000
	weblocator.defaults.searchType=contains
	weblocator.defaults.labelPosition=/parent::*/following-sibling::div[1]//
	weblocator.min.chars.toType=-1
	driver.autoClose=true
	driver.implicitlyWait=150
	upload.exe.path=src\test\resources\upload\upload.exe
	weblocator.log.logXPathEnabled=true

11:42:12 INFO : WebDriverConfig - Browser is: chrome
11:42:12 INFO : WebDriverConfig - 
	browser=chrome
	browser.driver.path=src\test\resources\drivers\chromedriver.exe
	browser.download.dir=src/test/resources/downloads/
	options.arguments=--lang=en --allow-running-insecure-content --enable-logging --v=1 --test-type
	options.experimental.profile.default_content_setting_values.automatic_downloads=1
	options.experimental.profile.content_settings.pattern_pairs.*.multiple-automatic-downloads=1
	options.experimental.profile.default_content_settings.popups=0
	options.experimental.download.prompt_for_download=1

11:42:12 INFO : ChromeConfigReader - The properties was load with success: 
	browser=chrome
	browser.driver.path=src\test\resources\drivers\chromedriver.exe
	browser.download.dir=src/test/resources/downloads/
	options.arguments=--lang=en --allow-running-insecure-content --enable-logging --v=1 --test-type
	options.experimental.profile.default_content_setting_values.automatic_downloads=1
	options.experimental.profile.content_settings.pattern_pairs.*.multiple-automatic-downloads=1
	options.experimental.profile.default_content_settings.popups=0
	options.experimental.download.prompt_for_download=1

11:42:14 INFO : WebDriverConfig - ===============================================================
11:42:14 INFO : WebDriverConfig - |          Open Selenium Web Driver 
11:42:14 INFO : WebDriverConfig - ===============================================================

11:42:24 INFO : WebLocator - click on menu-item-231
11:42:25 DEBUG: Hooks - ***** END of Scenario: SeniorSoftware successfully *****
11:42:25 INFO : WebDriverConfig - ===============================================================
11:42:25 INFO : WebDriverConfig - |          Stopping driver (closing browser)                   |
11:42:25 INFO : WebDriverConfig - ===============================================================
11:42:27 DEBUG: WebDriverConfig - ===============================================================
11:42:27 DEBUG: WebDriverConfig - |         Driver stopped (browser closed)                     |
11:42:27 DEBUG: WebDriverConfig - ===============================================================

11:42:58 DEBUG: Hooks - ***** START of Scenario: SeniorSoftware successfully *****
11:42:58 INFO : InitDriver - ===============================================================
11:42:58 INFO : InitDriver - |          Environment : ft
11:42:58 INFO : InitDriver - |          Operating System : Windows 10
11:42:58 INFO : InitDriver - |          Browser: chrome
11:42:58 INFO : InitDriver - |          Browser config file: chrome.properties
11:42:58 INFO : InitDriver - ===============================================================

11:42:58 DEBUG: WebDriverConfig - File: chrome.properties exists
11:42:58 INFO : WebLocatorConfig - 
	weblocator.log.containers=false
	weblocator.log.useClassName=false
	weblocator.log.xPath=true
	weblocator.log.retryException=true
	weblocator.log.suggestions=true
	weblocator.highlight=true
	weblocator.generateCssSelector=false
	weblocator.defaults.renderMillis=5000
	weblocator.defaults.searchType=contains
	weblocator.defaults.labelPosition=/parent::*/following-sibling::div[1]//
	weblocator.min.chars.toType=-1
	driver.autoClose=true
	driver.implicitlyWait=150
	upload.exe.path=src\test\resources\upload\upload.exe
	weblocator.log.logXPathEnabled=true

11:42:58 INFO : WebDriverConfig - Browser is: chrome
11:42:58 INFO : WebDriverConfig - 
	browser=chrome
	browser.driver.path=src\test\resources\drivers\chromedriver.exe
	browser.download.dir=src/test/resources/downloads/
	options.arguments=--lang=en --allow-running-insecure-content --enable-logging --v=1 --test-type
	options.experimental.profile.default_content_setting_values.automatic_downloads=1
	options.experimental.profile.content_settings.pattern_pairs.*.multiple-automatic-downloads=1
	options.experimental.profile.default_content_settings.popups=0
	options.experimental.download.prompt_for_download=1

11:42:58 INFO : ChromeConfigReader - The properties was load with success: 
	browser=chrome
	browser.driver.path=src\test\resources\drivers\chromedriver.exe
	browser.download.dir=src/test/resources/downloads/
	options.arguments=--lang=en --allow-running-insecure-content --enable-logging --v=1 --test-type
	options.experimental.profile.default_content_setting_values.automatic_downloads=1
	options.experimental.profile.content_settings.pattern_pairs.*.multiple-automatic-downloads=1
	options.experimental.profile.default_content_settings.popups=0
	options.experimental.download.prompt_for_download=1

11:43:03 INFO : WebDriverConfig - ===============================================================
11:43:03 INFO : WebDriverConfig - |          Open Selenium Web Driver 
11:43:03 INFO : WebDriverConfig - ===============================================================

11:43:10 INFO : WebLocator - click on menu-item-231
11:43:12 ERROR: WebLocatorDriverExecutor - final ElementNotVisibleException in sendKeys: your-name
org.openqa.selenium.ElementNotVisibleException: element not visible
  (Session info: chrome=52.0.2743.116)
  (Driver info: chromedriver=2.18.343845 (73dd713ba7fbfb73cbb514e62641d8c96a94682a),platform=Windows NT 10.0 x86_64) (WARNING: The server did not provide any stacktrace information)
Command duration or timeout: 235 milliseconds
Build info: version: '2.53.0', revision: '35ae25b1534ae328c771e0856c93e187490ca824', time: '2016-03-15 10:43:46'
System info: host: 'DESKTOP-925GGRL', ip: '192.168.1.45', os.name: 'Windows 10', os.arch: 'amd64', os.version: '10.0', java.version: '1.8.0_91'
Driver info: org.openqa.selenium.chrome.ChromeDriver
Capabilities [{applicationCacheEnabled=false, rotatable=false, mobileEmulationEnabled=false, chrome={userDataDir=C:\Users\SICA-S~1\AppData\Local\Temp\scoped_dir8144_1198}, takesHeapSnapshot=true, databaseEnabled=false, handlesAlerts=true, hasTouchScreen=false, version=52.0.2743.116, platform=XP, browserConnectionEnabled=false, nativeEvents=true, acceptSslCerts=true, locationContextEnabled=true, webStorageEnabled=true, browserName=chrome, takesScreenshot=true, javascriptEnabled=true, cssSelectorsEnabled=true}]
Session ID: 6f02217480b9ff4eb6f603ea3625637b
	at sun.reflect.NativeConstructorAccessorImpl.newInstance0(Native Method)
	at sun.reflect.NativeConstructorAccessorImpl.newInstance(NativeConstructorAccessorImpl.java:62)
	at sun.reflect.DelegatingConstructorAccessorImpl.newInstance(DelegatingConstructorAccessorImpl.java:45)
	at java.lang.reflect.Constructor.newInstance(Constructor.java:423)
	at org.openqa.selenium.remote.ErrorHandler.createThrowable(ErrorHandler.java:206)
	at org.openqa.selenium.remote.ErrorHandler.throwIfResponseFailed(ErrorHandler.java:158)
	at org.openqa.selenium.remote.RemoteWebDriver.execute(RemoteWebDriver.java:678)
	at org.openqa.selenium.remote.RemoteWebElement.execute(RemoteWebElement.java:327)
	at org.openqa.selenium.remote.RemoteWebElement.sendKeys(RemoteWebElement.java:122)
	at com.sdl.selenium.web.WebLocatorDriverExecutor.tryAgainDoSendKeys(WebLocatorDriverExecutor.java:208)
	at com.sdl.selenium.web.WebLocatorDriverExecutor.sendKeys(WebLocatorDriverExecutor.java:178)
	at com.sdl.selenium.web.WebLocator.sendKeys(WebLocator.java:241)
	at com.zikyo.utils.Recogroup.SeniorSoftwareView.setValues(SeniorSoftwareView.java:20)
	at com.zikyo.steps.seniorSoftwareSteps.SeniorSoftwareSteps.iFillInTheFieldsForApplyingForAJob(SeniorSoftwareSteps.java:19)
	at sun.reflect.NativeMethodAccessorImpl.invoke0(Native Method)
	at sun.reflect.NativeMethodAccessorImpl.invoke(NativeMethodAccessorImpl.java:62)
	at sun.reflect.DelegatingMethodAccessorImpl.invoke(DelegatingMethodAccessorImpl.java:43)
	at java.lang.reflect.Method.invoke(Method.java:498)
	at cucumber.runtime.Utils$1.call(Utils.java:37)
	at cucumber.runtime.Timeout.timeout(Timeout.java:13)
	at cucumber.runtime.Utils.invoke(Utils.java:31)
	at cucumber.runtime.java.JavaStepDefinition.execute(JavaStepDefinition.java:38)
	at cucumber.runtime.StepDefinitionMatch.runStep(StepDefinitionMatch.java:37)
	at cucumber.runtime.Runtime.runStep(Runtime.java:299)
	at cucumber.runtime.model.StepContainer.runStep(StepContainer.java:44)
	at cucumber.runtime.model.StepContainer.runSteps(StepContainer.java:39)
	at cucumber.runtime.model.CucumberScenario.run(CucumberScenario.java:44)
	at cucumber.runtime.model.CucumberFeature.run(CucumberFeature.java:165)
	at cucumber.runtime.Runtime.run(Runtime.java:121)
	at cucumber.api.cli.Main.run(Main.java:36)
	at cucumber.api.cli.Main.main(Main.java:18)
	at sun.reflect.NativeMethodAccessorImpl.invoke0(Native Method)
	at sun.reflect.NativeMethodAccessorImpl.invoke(NativeMethodAccessorImpl.java:62)
	at sun.reflect.DelegatingMethodAccessorImpl.invoke(DelegatingMethodAccessorImpl.java:43)
	at java.lang.reflect.Method.invoke(Method.java:498)
	at com.intellij.rt.execution.application.AppMain.main(AppMain.java:144)
11:43:12 WARN : Hooks - "SeniorSoftware successfully" scenario has failed! Screenshot embedded in the report.
11:43:13 DEBUG: Hooks - ***** END of Scenario: SeniorSoftware successfully *****
11:43:13 INFO : WebDriverConfig - ===============================================================
11:43:13 INFO : WebDriverConfig - |          Stopping driver (closing browser)                   |
11:43:13 INFO : WebDriverConfig - ===============================================================
11:43:14 DEBUG: WebDriverConfig - ===============================================================
11:43:14 DEBUG: WebDriverConfig - |         Driver stopped (browser closed)                     |
11:43:14 DEBUG: WebDriverConfig - ===============================================================

11:46:00 DEBUG: Hooks - ***** START of Scenario: SeniorSoftware successfully *****
11:46:00 INFO : InitDriver - ===============================================================
11:46:00 INFO : InitDriver - |          Environment : ft
11:46:00 INFO : InitDriver - |          Operating System : Windows 10
11:46:00 INFO : InitDriver - |          Browser: chrome
11:46:00 INFO : InitDriver - |          Browser config file: chrome.properties
11:46:00 INFO : InitDriver - ===============================================================

11:46:00 DEBUG: WebDriverConfig - File: chrome.properties exists
11:46:00 INFO : WebLocatorConfig - 
	weblocator.log.containers=false
	weblocator.log.useClassName=false
	weblocator.log.xPath=true
	weblocator.log.retryException=true
	weblocator.log.suggestions=true
	weblocator.highlight=true
	weblocator.generateCssSelector=false
	weblocator.defaults.renderMillis=5000
	weblocator.defaults.searchType=contains
	weblocator.defaults.labelPosition=/parent::*/following-sibling::div[1]//
	weblocator.min.chars.toType=-1
	driver.autoClose=true
	driver.implicitlyWait=150
	upload.exe.path=src\test\resources\upload\upload.exe
	weblocator.log.logXPathEnabled=true

11:46:00 INFO : WebDriverConfig - Browser is: chrome
11:46:00 INFO : WebDriverConfig - 
	browser=chrome
	browser.driver.path=src\test\resources\drivers\chromedriver.exe
	browser.download.dir=src/test/resources/downloads/
	options.arguments=--lang=en --allow-running-insecure-content --enable-logging --v=1 --test-type
	options.experimental.profile.default_content_setting_values.automatic_downloads=1
	options.experimental.profile.content_settings.pattern_pairs.*.multiple-automatic-downloads=1
	options.experimental.profile.default_content_settings.popups=0
	options.experimental.download.prompt_for_download=1

11:46:00 INFO : ChromeConfigReader - The properties was load with success: 
	browser=chrome
	browser.driver.path=src\test\resources\drivers\chromedriver.exe
	browser.download.dir=src/test/resources/downloads/
	options.arguments=--lang=en --allow-running-insecure-content --enable-logging --v=1 --test-type
	options.experimental.profile.default_content_setting_values.automatic_downloads=1
	options.experimental.profile.content_settings.pattern_pairs.*.multiple-automatic-downloads=1
	options.experimental.profile.default_content_settings.popups=0
	options.experimental.download.prompt_for_download=1

11:46:06 INFO : WebDriverConfig - ===============================================================
11:46:06 INFO : WebDriverConfig - |          Open Selenium Web Driver 
11:46:06 INFO : WebDriverConfig - ===============================================================

11:46:13 INFO : WebLocator - click on menu-item-231
11:46:15 ERROR: WebLocatorDriverExecutor - final ElementNotVisibleException in sendKeys: your-name
org.openqa.selenium.ElementNotVisibleException: element not visible
  (Session info: chrome=52.0.2743.116)
  (Driver info: chromedriver=2.18.343845 (73dd713ba7fbfb73cbb514e62641d8c96a94682a),platform=Windows NT 10.0 x86_64) (WARNING: The server did not provide any stacktrace information)
Command duration or timeout: 230 milliseconds
Build info: version: '2.53.0', revision: '35ae25b1534ae328c771e0856c93e187490ca824', time: '2016-03-15 10:43:46'
System info: host: 'DESKTOP-925GGRL', ip: '192.168.1.45', os.name: 'Windows 10', os.arch: 'amd64', os.version: '10.0', java.version: '1.8.0_91'
Driver info: org.openqa.selenium.chrome.ChromeDriver
Capabilities [{applicationCacheEnabled=false, rotatable=false, mobileEmulationEnabled=false, chrome={userDataDir=C:\Users\SICA-S~1\AppData\Local\Temp\scoped_dir7680_30516}, takesHeapSnapshot=true, databaseEnabled=false, handlesAlerts=true, hasTouchScreen=false, version=52.0.2743.116, platform=XP, browserConnectionEnabled=false, nativeEvents=true, acceptSslCerts=true, locationContextEnabled=true, webStorageEnabled=true, browserName=chrome, takesScreenshot=true, javascriptEnabled=true, cssSelectorsEnabled=true}]
Session ID: 2dedec7008127e47e91542c403c331d3
	at sun.reflect.NativeConstructorAccessorImpl.newInstance0(Native Method)
	at sun.reflect.NativeConstructorAccessorImpl.newInstance(NativeConstructorAccessorImpl.java:62)
	at sun.reflect.DelegatingConstructorAccessorImpl.newInstance(DelegatingConstructorAccessorImpl.java:45)
	at java.lang.reflect.Constructor.newInstance(Constructor.java:423)
	at org.openqa.selenium.remote.ErrorHandler.createThrowable(ErrorHandler.java:206)
	at org.openqa.selenium.remote.ErrorHandler.throwIfResponseFailed(ErrorHandler.java:158)
	at org.openqa.selenium.remote.RemoteWebDriver.execute(RemoteWebDriver.java:678)
	at org.openqa.selenium.remote.RemoteWebElement.execute(RemoteWebElement.java:327)
	at org.openqa.selenium.remote.RemoteWebElement.sendKeys(RemoteWebElement.java:122)
	at com.sdl.selenium.web.WebLocatorDriverExecutor.tryAgainDoSendKeys(WebLocatorDriverExecutor.java:208)
	at com.sdl.selenium.web.WebLocatorDriverExecutor.sendKeys(WebLocatorDriverExecutor.java:178)
	at com.sdl.selenium.web.WebLocator.sendKeys(WebLocator.java:241)
	at com.zikyo.utils.Recogroup.SeniorSoftwareView.setValues(SeniorSoftwareView.java:27)
	at com.zikyo.steps.seniorSoftwareSteps.SeniorSoftwareSteps.iFillInTheFieldsForApplyingForAJob(SeniorSoftwareSteps.java:19)
	at sun.reflect.NativeMethodAccessorImpl.invoke0(Native Method)
	at sun.reflect.NativeMethodAccessorImpl.invoke(NativeMethodAccessorImpl.java:62)
	at sun.reflect.DelegatingMethodAccessorImpl.invoke(DelegatingMethodAccessorImpl.java:43)
	at java.lang.reflect.Method.invoke(Method.java:498)
	at cucumber.runtime.Utils$1.call(Utils.java:37)
	at cucumber.runtime.Timeout.timeout(Timeout.java:13)
	at cucumber.runtime.Utils.invoke(Utils.java:31)
	at cucumber.runtime.java.JavaStepDefinition.execute(JavaStepDefinition.java:38)
	at cucumber.runtime.StepDefinitionMatch.runStep(StepDefinitionMatch.java:37)
	at cucumber.runtime.Runtime.runStep(Runtime.java:299)
	at cucumber.runtime.model.StepContainer.runStep(StepContainer.java:44)
	at cucumber.runtime.model.StepContainer.runSteps(StepContainer.java:39)
	at cucumber.runtime.model.CucumberScenario.run(CucumberScenario.java:44)
	at cucumber.runtime.model.CucumberFeature.run(CucumberFeature.java:165)
	at cucumber.runtime.Runtime.run(Runtime.java:121)
	at cucumber.api.cli.Main.run(Main.java:36)
	at cucumber.api.cli.Main.main(Main.java:18)
	at sun.reflect.NativeMethodAccessorImpl.invoke0(Native Method)
	at sun.reflect.NativeMethodAccessorImpl.invoke(NativeMethodAccessorImpl.java:62)
	at sun.reflect.DelegatingMethodAccessorImpl.invoke(DelegatingMethodAccessorImpl.java:43)
	at java.lang.reflect.Method.invoke(Method.java:498)
	at com.intellij.rt.execution.application.AppMain.main(AppMain.java:144)
11:46:15 WARN : Hooks - "SeniorSoftware successfully" scenario has failed! Screenshot embedded in the report.
11:46:15 DEBUG: Hooks - ***** END of Scenario: SeniorSoftware successfully *****
11:46:15 INFO : WebDriverConfig - ===============================================================
11:46:15 INFO : WebDriverConfig - |          Stopping driver (closing browser)                   |
11:46:15 INFO : WebDriverConfig - ===============================================================
11:46:16 DEBUG: WebDriverConfig - ===============================================================
11:46:16 DEBUG: WebDriverConfig - |         Driver stopped (browser closed)                     |
11:46:16 DEBUG: WebDriverConfig - ===============================================================

11:50:56 DEBUG: Hooks - ***** START of Scenario: SeniorSoftware successfully *****
11:50:56 INFO : InitDriver - ===============================================================
11:50:56 INFO : InitDriver - |          Environment : ft
11:50:56 INFO : InitDriver - |          Operating System : Windows 10
11:50:56 INFO : InitDriver - |          Browser: chrome
11:50:56 INFO : InitDriver - |          Browser config file: chrome.properties
11:50:56 INFO : InitDriver - ===============================================================

11:50:56 DEBUG: WebDriverConfig - File: chrome.properties exists
11:50:56 INFO : WebLocatorConfig - 
	weblocator.log.containers=false
	weblocator.log.useClassName=false
	weblocator.log.xPath=true
	weblocator.log.retryException=true
	weblocator.log.suggestions=true
	weblocator.highlight=true
	weblocator.generateCssSelector=false
	weblocator.defaults.renderMillis=5000
	weblocator.defaults.searchType=contains
	weblocator.defaults.labelPosition=/parent::*/following-sibling::div[1]//
	weblocator.min.chars.toType=-1
	driver.autoClose=true
	driver.implicitlyWait=150
	upload.exe.path=src\test\resources\upload\upload.exe
	weblocator.log.logXPathEnabled=true

11:50:56 INFO : WebDriverConfig - Browser is: chrome
11:50:56 INFO : WebDriverConfig - 
	browser=chrome
	browser.driver.path=src\test\resources\drivers\chromedriver.exe
	browser.download.dir=src/test/resources/downloads/
	options.arguments=--lang=en --allow-running-insecure-content --enable-logging --v=1 --test-type
	options.experimental.profile.default_content_setting_values.automatic_downloads=1
	options.experimental.profile.content_settings.pattern_pairs.*.multiple-automatic-downloads=1
	options.experimental.profile.default_content_settings.popups=0
	options.experimental.download.prompt_for_download=1

11:50:56 INFO : ChromeConfigReader - The properties was load with success: 
	browser=chrome
	browser.driver.path=src\test\resources\drivers\chromedriver.exe
	browser.download.dir=src/test/resources/downloads/
	options.arguments=--lang=en --allow-running-insecure-content --enable-logging --v=1 --test-type
	options.experimental.profile.default_content_setting_values.automatic_downloads=1
	options.experimental.profile.content_settings.pattern_pairs.*.multiple-automatic-downloads=1
	options.experimental.profile.default_content_settings.popups=0
	options.experimental.download.prompt_for_download=1

11:51:00 INFO : WebDriverConfig - ===============================================================
11:51:00 INFO : WebDriverConfig - |          Open Selenium Web Driver 
11:51:00 INFO : WebDriverConfig - ===============================================================

11:51:08 INFO : WebLocator - click on menu-item-231
11:51:09 INFO : WebLocator - click on item isotope-item testing
11:51:10 INFO : WebLocator - sendKeys value(your-name): 'a'
11:51:10 INFO : WebLocator - sendKeys value(your-email): 'b'
11:51:10 INFO : WebLocator - sendKeys value(your-number): 'c'
11:51:20 DEBUG: Hooks - ***** END of Scenario: SeniorSoftware successfully *****
11:51:20 INFO : WebDriverConfig - ===============================================================
11:51:20 INFO : WebDriverConfig - |          Stopping driver (closing browser)                   |
11:51:20 INFO : WebDriverConfig - ===============================================================
11:51:21 DEBUG: WebDriverConfig - ===============================================================
11:51:21 DEBUG: WebDriverConfig - |         Driver stopped (browser closed)                     |
11:51:21 DEBUG: WebDriverConfig - ===============================================================

12:00:29 DEBUG: Hooks - ***** START of Scenario: SeniorSoftware successfully *****
12:00:29 INFO : InitDriver - ===============================================================
12:00:29 INFO : InitDriver - |          Environment : ft
12:00:29 INFO : InitDriver - |          Operating System : Windows 10
12:00:29 INFO : InitDriver - |          Browser: chrome
12:00:29 INFO : InitDriver - |          Browser config file: chrome.properties
12:00:29 INFO : InitDriver - ===============================================================

12:00:29 DEBUG: WebDriverConfig - File: chrome.properties exists
12:00:29 INFO : WebLocatorConfig - 
	weblocator.log.containers=false
	weblocator.log.useClassName=false
	weblocator.log.xPath=true
	weblocator.log.retryException=true
	weblocator.log.suggestions=true
	weblocator.highlight=true
	weblocator.generateCssSelector=false
	weblocator.defaults.renderMillis=5000
	weblocator.defaults.searchType=contains
	weblocator.defaults.labelPosition=/parent::*/following-sibling::div[1]//
	weblocator.min.chars.toType=-1
	driver.autoClose=true
	driver.implicitlyWait=150
	upload.exe.path=src\test\resources\upload\upload.exe
	weblocator.log.logXPathEnabled=true

12:00:29 INFO : WebDriverConfig - Browser is: chrome
12:00:29 INFO : WebDriverConfig - 
	browser=chrome
	browser.driver.path=src\test\resources\drivers\chromedriver.exe
	browser.download.dir=src/test/resources/downloads/
	options.arguments=--lang=en --allow-running-insecure-content --enable-logging --v=1 --test-type
	options.experimental.profile.default_content_setting_values.automatic_downloads=1
	options.experimental.profile.content_settings.pattern_pairs.*.multiple-automatic-downloads=1
	options.experimental.profile.default_content_settings.popups=0
	options.experimental.download.prompt_for_download=1

12:00:30 INFO : ChromeConfigReader - The properties was load with success: 
	browser=chrome
	browser.driver.path=src\test\resources\drivers\chromedriver.exe
	browser.download.dir=src/test/resources/downloads/
	options.arguments=--lang=en --allow-running-insecure-content --enable-logging --v=1 --test-type
	options.experimental.profile.default_content_setting_values.automatic_downloads=1
	options.experimental.profile.content_settings.pattern_pairs.*.multiple-automatic-downloads=1
	options.experimental.profile.default_content_settings.popups=0
	options.experimental.download.prompt_for_download=1

12:00:32 INFO : WebDriverConfig - ===============================================================
12:00:32 INFO : WebDriverConfig - |          Open Selenium Web Driver 
12:00:32 INFO : WebDriverConfig - ===============================================================

12:00:39 INFO : WebLocator - click on menu-item-231
12:00:41 INFO : WebLocator - click on item isotope-item testing
12:00:41 INFO : WebLocator - sendKeys value(your-name): 'a'
12:00:41 INFO : WebLocator - sendKeys value(your-email): 'b'
12:00:42 INFO : WebLocator - sendKeys value(your-number): 'c'
12:00:42 INFO : WebLocator - sendKeys value(your-message): 'd'
12:00:52 DEBUG: Hooks - ***** END of Scenario: SeniorSoftware successfully *****
12:00:52 INFO : WebDriverConfig - ===============================================================
12:00:52 INFO : WebDriverConfig - |          Stopping driver (closing browser)                   |
12:00:52 INFO : WebDriverConfig - ===============================================================
12:00:53 DEBUG: WebDriverConfig - ===============================================================
12:00:53 DEBUG: WebDriverConfig - |         Driver stopped (browser closed)                     |
12:00:53 DEBUG: WebDriverConfig - ===============================================================

13:51:03 DEBUG: Hooks - ***** START of Scenario: SeniorSoftware successfully *****
13:51:03 INFO : InitDriver - ===============================================================
13:51:03 INFO : InitDriver - |          Environment : ft
13:51:03 INFO : InitDriver - |          Operating System : Windows 10
13:51:03 INFO : InitDriver - |          Browser: chrome
13:51:03 INFO : InitDriver - |          Browser config file: chrome.properties
13:51:03 INFO : InitDriver - ===============================================================

13:51:03 DEBUG: WebDriverConfig - File: chrome.properties exists
13:51:03 INFO : WebLocatorConfig - 
	weblocator.log.containers=false
	weblocator.log.useClassName=false
	weblocator.log.xPath=true
	weblocator.log.retryException=true
	weblocator.log.suggestions=true
	weblocator.highlight=true
	weblocator.generateCssSelector=false
	weblocator.defaults.renderMillis=5000
	weblocator.defaults.searchType=contains
	weblocator.defaults.labelPosition=/parent::*/following-sibling::div[1]//
	weblocator.min.chars.toType=-1
	driver.autoClose=true
	driver.implicitlyWait=150
	upload.exe.path=src\test\resources\upload\upload.exe
	weblocator.log.logXPathEnabled=true

13:51:03 INFO : WebDriverConfig - Browser is: chrome
13:51:03 INFO : WebDriverConfig - 
	browser=chrome
	browser.driver.path=src\test\resources\drivers\chromedriver.exe
	browser.download.dir=src/test/resources/downloads/
	options.arguments=--lang=en --allow-running-insecure-content --enable-logging --v=1 --test-type
	options.experimental.profile.default_content_setting_values.automatic_downloads=1
	options.experimental.profile.content_settings.pattern_pairs.*.multiple-automatic-downloads=1
	options.experimental.profile.default_content_settings.popups=0
	options.experimental.download.prompt_for_download=1

13:51:03 INFO : ChromeConfigReader - The properties was load with success: 
	browser=chrome
	browser.driver.path=src\test\resources\drivers\chromedriver.exe
	browser.download.dir=src/test/resources/downloads/
	options.arguments=--lang=en --allow-running-insecure-content --enable-logging --v=1 --test-type
	options.experimental.profile.default_content_setting_values.automatic_downloads=1
	options.experimental.profile.content_settings.pattern_pairs.*.multiple-automatic-downloads=1
	options.experimental.profile.default_content_settings.popups=0
	options.experimental.download.prompt_for_download=1

13:51:05 INFO : WebDriverConfig - ===============================================================
13:51:05 INFO : WebDriverConfig - |          Open Selenium Web Driver 
13:51:05 INFO : WebDriverConfig - ===============================================================

13:51:14 INFO : WebLocator - click on menu-item-231
13:51:15 INFO : WebLocator - click on item isotope-item testing
13:51:16 ERROR: WebLocatorDriverExecutor - final ElementNotVisibleException in sendKeys: your-name
org.openqa.selenium.ElementNotVisibleException: element not visible
  (Session info: chrome=52.0.2743.116)
  (Driver info: chromedriver=2.18.343845 (73dd713ba7fbfb73cbb514e62641d8c96a94682a),platform=Windows NT 10.0 x86_64) (WARNING: The server did not provide any stacktrace information)
Command duration or timeout: 240 milliseconds
Build info: version: '2.53.0', revision: '35ae25b1534ae328c771e0856c93e187490ca824', time: '2016-03-15 10:43:46'
System info: host: 'DESKTOP-925GGRL', ip: '192.168.1.45', os.name: 'Windows 10', os.arch: 'amd64', os.version: '10.0', java.version: '1.8.0_91'
Driver info: org.openqa.selenium.chrome.ChromeDriver
Capabilities [{applicationCacheEnabled=false, rotatable=false, mobileEmulationEnabled=false, chrome={userDataDir=C:\Users\SICA-S~1\AppData\Local\Temp\scoped_dir6236_32007}, takesHeapSnapshot=true, databaseEnabled=false, handlesAlerts=true, hasTouchScreen=false, version=52.0.2743.116, platform=XP, browserConnectionEnabled=false, nativeEvents=true, acceptSslCerts=true, locationContextEnabled=true, webStorageEnabled=true, browserName=chrome, takesScreenshot=true, javascriptEnabled=true, cssSelectorsEnabled=true}]
Session ID: af76857ad35a77e389f2df5728511c81
	at sun.reflect.NativeConstructorAccessorImpl.newInstance0(Native Method)
	at sun.reflect.NativeConstructorAccessorImpl.newInstance(NativeConstructorAccessorImpl.java:62)
	at sun.reflect.DelegatingConstructorAccessorImpl.newInstance(DelegatingConstructorAccessorImpl.java:45)
	at java.lang.reflect.Constructor.newInstance(Constructor.java:423)
	at org.openqa.selenium.remote.ErrorHandler.createThrowable(ErrorHandler.java:206)
	at org.openqa.selenium.remote.ErrorHandler.throwIfResponseFailed(ErrorHandler.java:158)
	at org.openqa.selenium.remote.RemoteWebDriver.execute(RemoteWebDriver.java:678)
	at org.openqa.selenium.remote.RemoteWebElement.execute(RemoteWebElement.java:327)
	at org.openqa.selenium.remote.RemoteWebElement.sendKeys(RemoteWebElement.java:122)
	at com.sdl.selenium.web.WebLocatorDriverExecutor.tryAgainDoSendKeys(WebLocatorDriverExecutor.java:208)
	at com.sdl.selenium.web.WebLocatorDriverExecutor.sendKeys(WebLocatorDriverExecutor.java:178)
	at com.sdl.selenium.web.WebLocator.sendKeys(WebLocator.java:241)
	at com.zikyo.utils.Recogroup.SeniorSoftwareView.setValues(SeniorSoftwareView.java:35)
	at com.zikyo.steps.seniorSoftwareSteps.SeniorSoftwareSteps.iFillInTheFieldsForApplyingForAJob(SeniorSoftwareSteps.java:26)
	at sun.reflect.NativeMethodAccessorImpl.invoke0(Native Method)
	at sun.reflect.NativeMethodAccessorImpl.invoke(NativeMethodAccessorImpl.java:62)
	at sun.reflect.DelegatingMethodAccessorImpl.invoke(DelegatingMethodAccessorImpl.java:43)
	at java.lang.reflect.Method.invoke(Method.java:498)
	at cucumber.runtime.Utils$1.call(Utils.java:37)
	at cucumber.runtime.Timeout.timeout(Timeout.java:13)
	at cucumber.runtime.Utils.invoke(Utils.java:31)
	at cucumber.runtime.java.JavaStepDefinition.execute(JavaStepDefinition.java:38)
	at cucumber.runtime.StepDefinitionMatch.runStep(StepDefinitionMatch.java:37)
	at cucumber.runtime.Runtime.runStep(Runtime.java:299)
	at cucumber.runtime.model.StepContainer.runStep(StepContainer.java:44)
	at cucumber.runtime.model.StepContainer.runSteps(StepContainer.java:39)
	at cucumber.runtime.model.CucumberScenario.run(CucumberScenario.java:44)
	at cucumber.runtime.model.CucumberFeature.run(CucumberFeature.java:165)
	at cucumber.runtime.Runtime.run(Runtime.java:121)
	at cucumber.api.cli.Main.run(Main.java:36)
	at cucumber.api.cli.Main.main(Main.java:18)
	at sun.reflect.NativeMethodAccessorImpl.invoke0(Native Method)
	at sun.reflect.NativeMethodAccessorImpl.invoke(NativeMethodAccessorImpl.java:62)
	at sun.reflect.DelegatingMethodAccessorImpl.invoke(DelegatingMethodAccessorImpl.java:43)
	at java.lang.reflect.Method.invoke(Method.java:498)
	at com.intellij.rt.execution.application.AppMain.main(AppMain.java:144)
13:51:16 WARN : Hooks - "SeniorSoftware successfully" scenario has failed! Screenshot embedded in the report.
13:51:17 DEBUG: Hooks - ***** END of Scenario: SeniorSoftware successfully *****
13:51:17 INFO : WebDriverConfig - ===============================================================
13:51:17 INFO : WebDriverConfig - |          Stopping driver (closing browser)                   |
13:51:17 INFO : WebDriverConfig - ===============================================================
13:51:18 DEBUG: WebDriverConfig - ===============================================================
13:51:18 DEBUG: WebDriverConfig - |         Driver stopped (browser closed)                     |
13:51:18 DEBUG: WebDriverConfig - ===============================================================

13:51:25 DEBUG: Hooks - ***** START of Scenario: SeniorSoftware successfully *****
13:51:25 INFO : InitDriver - ===============================================================
13:51:25 INFO : InitDriver - |          Environment : ft
13:51:25 INFO : InitDriver - |          Operating System : Windows 10
13:51:25 INFO : InitDriver - |          Browser: chrome
13:51:25 INFO : InitDriver - |          Browser config file: chrome.properties
13:51:25 INFO : InitDriver - ===============================================================

13:51:25 DEBUG: WebDriverConfig - File: chrome.properties exists
13:51:25 INFO : WebLocatorConfig - 
	weblocator.log.containers=false
	weblocator.log.useClassName=false
	weblocator.log.xPath=true
	weblocator.log.retryException=true
	weblocator.log.suggestions=true
	weblocator.highlight=true
	weblocator.generateCssSelector=false
	weblocator.defaults.renderMillis=5000
	weblocator.defaults.searchType=contains
	weblocator.defaults.labelPosition=/parent::*/following-sibling::div[1]//
	weblocator.min.chars.toType=-1
	driver.autoClose=true
	driver.implicitlyWait=150
	upload.exe.path=src\test\resources\upload\upload.exe
	weblocator.log.logXPathEnabled=true

13:51:25 INFO : WebDriverConfig - Browser is: chrome
13:51:25 INFO : WebDriverConfig - 
	browser=chrome
	browser.driver.path=src\test\resources\drivers\chromedriver.exe
	browser.download.dir=src/test/resources/downloads/
	options.arguments=--lang=en --allow-running-insecure-content --enable-logging --v=1 --test-type
	options.experimental.profile.default_content_setting_values.automatic_downloads=1
	options.experimental.profile.content_settings.pattern_pairs.*.multiple-automatic-downloads=1
	options.experimental.profile.default_content_settings.popups=0
	options.experimental.download.prompt_for_download=1

13:51:25 INFO : ChromeConfigReader - The properties was load with success: 
	browser=chrome
	browser.driver.path=src\test\resources\drivers\chromedriver.exe
	browser.download.dir=src/test/resources/downloads/
	options.arguments=--lang=en --allow-running-insecure-content --enable-logging --v=1 --test-type
	options.experimental.profile.default_content_setting_values.automatic_downloads=1
	options.experimental.profile.content_settings.pattern_pairs.*.multiple-automatic-downloads=1
	options.experimental.profile.default_content_settings.popups=0
	options.experimental.download.prompt_for_download=1

13:51:27 INFO : WebDriverConfig - ===============================================================
13:51:27 INFO : WebDriverConfig - |          Open Selenium Web Driver 
13:51:27 INFO : WebDriverConfig - ===============================================================

13:51:35 INFO : WebLocator - click on menu-item-231
13:51:36 INFO : WebLocator - click on item isotope-item testing
13:51:36 INFO : WebLocator - sendKeys value(your-name): 'a'
13:51:37 INFO : WebLocator - sendKeys value(your-email): 'b'
13:51:37 INFO : WebLocator - sendKeys value(your-number): 'c'
13:51:37 INFO : WebLocator - sendKeys value(your-message): 'd'
13:51:37 INFO : WebLocator - click on your-message
13:51:37 INFO : WebLocator - sendKeys value(your-message): 'src\test\resources\drivers\cv Ionut Negreanu.pdf'
13:51:57 DEBUG: Hooks - ***** END of Scenario: SeniorSoftware successfully *****
13:51:57 INFO : WebDriverConfig - ===============================================================
13:51:57 INFO : WebDriverConfig - |          Stopping driver (closing browser)                   |
13:51:57 INFO : WebDriverConfig - ===============================================================
13:51:58 DEBUG: WebDriverConfig - ===============================================================
13:51:58 DEBUG: WebDriverConfig - |         Driver stopped (browser closed)                     |
13:51:58 DEBUG: WebDriverConfig - ===============================================================

13:54:09 DEBUG: Hooks - ***** START of Scenario: SeniorSoftware successfully *****
13:54:09 INFO : InitDriver - ===============================================================
13:54:09 INFO : InitDriver - |          Environment : ft
13:54:09 INFO : InitDriver - |          Operating System : Windows 10
13:54:09 INFO : InitDriver - |          Browser: chrome
13:54:09 INFO : InitDriver - |          Browser config file: chrome.properties
13:54:09 INFO : InitDriver - ===============================================================

13:54:09 DEBUG: WebDriverConfig - File: chrome.properties exists
13:54:09 INFO : WebLocatorConfig - 
	weblocator.log.containers=false
	weblocator.log.useClassName=false
	weblocator.log.xPath=true
	weblocator.log.retryException=true
	weblocator.log.suggestions=true
	weblocator.highlight=true
	weblocator.generateCssSelector=false
	weblocator.defaults.renderMillis=5000
	weblocator.defaults.searchType=contains
	weblocator.defaults.labelPosition=/parent::*/following-sibling::div[1]//
	weblocator.min.chars.toType=-1
	driver.autoClose=true
	driver.implicitlyWait=150
	upload.exe.path=src\test\resources\upload\upload.exe
	weblocator.log.logXPathEnabled=true

13:54:09 INFO : WebDriverConfig - Browser is: chrome
13:54:09 INFO : WebDriverConfig - 
	browser=chrome
	browser.driver.path=src\test\resources\drivers\chromedriver.exe
	browser.download.dir=src/test/resources/downloads/
	options.arguments=--lang=en --allow-running-insecure-content --enable-logging --v=1 --test-type
	options.experimental.profile.default_content_setting_values.automatic_downloads=1
	options.experimental.profile.content_settings.pattern_pairs.*.multiple-automatic-downloads=1
	options.experimental.profile.default_content_settings.popups=0
	options.experimental.download.prompt_for_download=1

13:54:09 INFO : ChromeConfigReader - The properties was load with success: 
	browser=chrome
	browser.driver.path=src\test\resources\drivers\chromedriver.exe
	browser.download.dir=src/test/resources/downloads/
	options.arguments=--lang=en --allow-running-insecure-content --enable-logging --v=1 --test-type
	options.experimental.profile.default_content_setting_values.automatic_downloads=1
	options.experimental.profile.content_settings.pattern_pairs.*.multiple-automatic-downloads=1
	options.experimental.profile.default_content_settings.popups=0
	options.experimental.download.prompt_for_download=1

13:54:11 INFO : WebDriverConfig - ===============================================================
13:54:11 INFO : WebDriverConfig - |          Open Selenium Web Driver 
13:54:11 INFO : WebDriverConfig - ===============================================================

13:54:20 INFO : WebLocator - click on menu-item-231
13:54:21 INFO : WebLocator - click on item isotope-item testing
13:54:22 INFO : WebLocator - sendKeys value(your-name): 'a'
13:54:22 INFO : WebLocator - sendKeys value(your-email): 'b'
13:54:22 INFO : WebLocator - sendKeys value(your-number): 'c'
13:54:22 INFO : WebLocator - sendKeys value(your-message): 'd'
13:54:22 INFO : WebLocator - click on wpcf7-form-control-wrap your-file
13:54:23 INFO : WebLocator - sendKeys value(wpcf7-form-control-wrap your-file): 'src\test\resources\drivers\cv Ionut Negreanu.pdf'
13:54:43 DEBUG: Hooks - ***** END of Scenario: SeniorSoftware successfully *****
13:54:43 INFO : WebDriverConfig - ===============================================================
13:54:43 INFO : WebDriverConfig - |          Stopping driver (closing browser)                   |
13:54:43 INFO : WebDriverConfig - ===============================================================
13:54:44 DEBUG: WebDriverConfig - ===============================================================
13:54:44 DEBUG: WebDriverConfig - |         Driver stopped (browser closed)                     |
13:54:44 DEBUG: WebDriverConfig - ===============================================================

13:58:23 DEBUG: Hooks - ***** START of Scenario: SeniorSoftware successfully *****
13:58:23 INFO : InitDriver - ===============================================================
13:58:23 INFO : InitDriver - |          Environment : ft
13:58:23 INFO : InitDriver - |          Operating System : Windows 10
13:58:23 INFO : InitDriver - |          Browser: chrome
13:58:23 INFO : InitDriver - |          Browser config file: chrome.properties
13:58:23 INFO : InitDriver - ===============================================================

13:58:23 DEBUG: WebDriverConfig - File: chrome.properties exists
13:58:23 INFO : WebLocatorConfig - 
	weblocator.log.containers=false
	weblocator.log.useClassName=false
	weblocator.log.xPath=true
	weblocator.log.retryException=true
	weblocator.log.suggestions=true
	weblocator.highlight=true
	weblocator.generateCssSelector=false
	weblocator.defaults.renderMillis=5000
	weblocator.defaults.searchType=contains
	weblocator.defaults.labelPosition=/parent::*/following-sibling::div[1]//
	weblocator.min.chars.toType=-1
	driver.autoClose=true
	driver.implicitlyWait=150
	upload.exe.path=src\test\resources\upload\upload.exe
	weblocator.log.logXPathEnabled=true

13:58:23 INFO : WebDriverConfig - Browser is: chrome
13:58:23 INFO : WebDriverConfig - 
	browser=chrome
	browser.driver.path=src\test\resources\drivers\chromedriver.exe
	browser.download.dir=src/test/resources/downloads/
	options.arguments=--lang=en --allow-running-insecure-content --enable-logging --v=1 --test-type
	options.experimental.profile.default_content_setting_values.automatic_downloads=1
	options.experimental.profile.content_settings.pattern_pairs.*.multiple-automatic-downloads=1
	options.experimental.profile.default_content_settings.popups=0
	options.experimental.download.prompt_for_download=1

13:58:23 INFO : ChromeConfigReader - The properties was load with success: 
	browser=chrome
	browser.driver.path=src\test\resources\drivers\chromedriver.exe
	browser.download.dir=src/test/resources/downloads/
	options.arguments=--lang=en --allow-running-insecure-content --enable-logging --v=1 --test-type
	options.experimental.profile.default_content_setting_values.automatic_downloads=1
	options.experimental.profile.content_settings.pattern_pairs.*.multiple-automatic-downloads=1
	options.experimental.profile.default_content_settings.popups=0
	options.experimental.download.prompt_for_download=1

13:58:26 INFO : WebDriverConfig - ===============================================================
13:58:26 INFO : WebDriverConfig - |          Open Selenium Web Driver 
13:58:26 INFO : WebDriverConfig - ===============================================================

13:58:34 INFO : WebLocator - click on menu-item-231
13:58:35 INFO : WebLocator - click on item isotope-item testing
13:58:35 INFO : WebLocator - sendKeys value(your-name): 'a'
13:58:36 INFO : WebLocator - sendKeys value(your-email): 'b'
13:58:36 INFO : WebLocator - sendKeys value(your-number): 'c'
13:58:36 INFO : WebLocator - sendKeys value(your-message): 'd'
13:58:36 INFO : WebLocator - click on wpcf7-form-control-wrap your-file
13:58:36 WARN : Hooks - "SeniorSoftware successfully" scenario has failed! Screenshot embedded in the report.
13:58:37 DEBUG: Hooks - ***** END of Scenario: SeniorSoftware successfully *****
13:58:37 INFO : WebDriverConfig - ===============================================================
13:58:37 INFO : WebDriverConfig - |          Stopping driver (closing browser)                   |
13:58:37 INFO : WebDriverConfig - ===============================================================
13:58:38 DEBUG: WebDriverConfig - ===============================================================
13:58:38 DEBUG: WebDriverConfig - |         Driver stopped (browser closed)                     |
13:58:38 DEBUG: WebDriverConfig - ===============================================================

14:07:52 DEBUG: Hooks - ***** START of Scenario: SeniorSoftware successfully *****
14:07:52 INFO : InitDriver - ===============================================================
14:07:52 INFO : InitDriver - |          Environment : ft
14:07:52 INFO : InitDriver - |          Operating System : Windows 10
14:07:52 INFO : InitDriver - |          Browser: chrome
14:07:52 INFO : InitDriver - |          Browser config file: chrome.properties
14:07:52 INFO : InitDriver - ===============================================================

14:07:52 DEBUG: WebDriverConfig - File: chrome.properties exists
14:07:52 INFO : WebLocatorConfig - 
	weblocator.log.containers=false
	weblocator.log.useClassName=false
	weblocator.log.xPath=true
	weblocator.log.retryException=true
	weblocator.log.suggestions=true
	weblocator.highlight=true
	weblocator.generateCssSelector=false
	weblocator.defaults.renderMillis=5000
	weblocator.defaults.searchType=contains
	weblocator.defaults.labelPosition=/parent::*/following-sibling::div[1]//
	weblocator.min.chars.toType=-1
	driver.autoClose=true
	driver.implicitlyWait=150
	upload.exe.path=src\test\resources\upload\upload.exe
	weblocator.log.logXPathEnabled=true

14:07:52 INFO : WebDriverConfig - Browser is: chrome
14:07:52 INFO : WebDriverConfig - 
	browser=chrome
	browser.driver.path=src\test\resources\drivers\chromedriver.exe
	browser.download.dir=src/test/resources/downloads/
	options.arguments=--lang=en --allow-running-insecure-content --enable-logging --v=1 --test-type
	options.experimental.profile.default_content_setting_values.automatic_downloads=1
	options.experimental.profile.content_settings.pattern_pairs.*.multiple-automatic-downloads=1
	options.experimental.profile.default_content_settings.popups=0
	options.experimental.download.prompt_for_download=1

14:07:52 INFO : ChromeConfigReader - The properties was load with success: 
	browser=chrome
	browser.driver.path=src\test\resources\drivers\chromedriver.exe
	browser.download.dir=src/test/resources/downloads/
	options.arguments=--lang=en --allow-running-insecure-content --enable-logging --v=1 --test-type
	options.experimental.profile.default_content_setting_values.automatic_downloads=1
	options.experimental.profile.content_settings.pattern_pairs.*.multiple-automatic-downloads=1
	options.experimental.profile.default_content_settings.popups=0
	options.experimental.download.prompt_for_download=1

14:07:54 INFO : WebDriverConfig - ===============================================================
14:07:54 INFO : WebDriverConfig - |          Open Selenium Web Driver 
14:07:54 INFO : WebDriverConfig - ===============================================================

14:08:04 INFO : WebLocator - click on menu-item-231
14:08:05 INFO : WebLocator - click on item isotope-item testing
14:08:06 ERROR: WebLocatorDriverExecutor - final ElementNotVisibleException in sendKeys: your-name
org.openqa.selenium.ElementNotVisibleException: element not visible
  (Session info: chrome=52.0.2743.116)
  (Driver info: chromedriver=2.18.343845 (73dd713ba7fbfb73cbb514e62641d8c96a94682a),platform=Windows NT 10.0 x86_64) (WARNING: The server did not provide any stacktrace information)
Command duration or timeout: 234 milliseconds
Build info: version: '2.53.0', revision: '35ae25b1534ae328c771e0856c93e187490ca824', time: '2016-03-15 10:43:46'
System info: host: 'DESKTOP-925GGRL', ip: '192.168.1.45', os.name: 'Windows 10', os.arch: 'amd64', os.version: '10.0', java.version: '1.8.0_91'
Driver info: org.openqa.selenium.chrome.ChromeDriver
Capabilities [{applicationCacheEnabled=false, rotatable=false, mobileEmulationEnabled=false, chrome={userDataDir=C:\Users\SICA-S~1\AppData\Local\Temp\scoped_dir4780_31391}, takesHeapSnapshot=true, databaseEnabled=false, handlesAlerts=true, hasTouchScreen=false, version=52.0.2743.116, platform=XP, browserConnectionEnabled=false, nativeEvents=true, acceptSslCerts=true, locationContextEnabled=true, webStorageEnabled=true, browserName=chrome, takesScreenshot=true, javascriptEnabled=true, cssSelectorsEnabled=true}]
Session ID: 9f54110b5a791aa8908dbef90345e70a
	at sun.reflect.NativeConstructorAccessorImpl.newInstance0(Native Method)
	at sun.reflect.NativeConstructorAccessorImpl.newInstance(NativeConstructorAccessorImpl.java:62)
	at sun.reflect.DelegatingConstructorAccessorImpl.newInstance(DelegatingConstructorAccessorImpl.java:45)
	at java.lang.reflect.Constructor.newInstance(Constructor.java:423)
	at org.openqa.selenium.remote.ErrorHandler.createThrowable(ErrorHandler.java:206)
	at org.openqa.selenium.remote.ErrorHandler.throwIfResponseFailed(ErrorHandler.java:158)
	at org.openqa.selenium.remote.RemoteWebDriver.execute(RemoteWebDriver.java:678)
	at org.openqa.selenium.remote.RemoteWebElement.execute(RemoteWebElement.java:327)
	at org.openqa.selenium.remote.RemoteWebElement.sendKeys(RemoteWebElement.java:122)
	at com.sdl.selenium.web.WebLocatorDriverExecutor.tryAgainDoSendKeys(WebLocatorDriverExecutor.java:208)
	at com.sdl.selenium.web.WebLocatorDriverExecutor.sendKeys(WebLocatorDriverExecutor.java:178)
	at com.sdl.selenium.web.WebLocator.sendKeys(WebLocator.java:241)
	at com.zikyo.utils.Recogroup.SeniorSoftwareView.setValues(SeniorSoftwareView.java:34)
	at com.zikyo.steps.seniorSoftwareSteps.SeniorSoftwareSteps.iFillInTheFieldsForApplyingForAJob(SeniorSoftwareSteps.java:26)
	at sun.reflect.NativeMethodAccessorImpl.invoke0(Native Method)
	at sun.reflect.NativeMethodAccessorImpl.invoke(NativeMethodAccessorImpl.java:62)
	at sun.reflect.DelegatingMethodAccessorImpl.invoke(DelegatingMethodAccessorImpl.java:43)
	at java.lang.reflect.Method.invoke(Method.java:498)
	at cucumber.runtime.Utils$1.call(Utils.java:37)
	at cucumber.runtime.Timeout.timeout(Timeout.java:13)
	at cucumber.runtime.Utils.invoke(Utils.java:31)
	at cucumber.runtime.java.JavaStepDefinition.execute(JavaStepDefinition.java:38)
	at cucumber.runtime.StepDefinitionMatch.runStep(StepDefinitionMatch.java:37)
	at cucumber.runtime.Runtime.runStep(Runtime.java:299)
	at cucumber.runtime.model.StepContainer.runStep(StepContainer.java:44)
	at cucumber.runtime.model.StepContainer.runSteps(StepContainer.java:39)
	at cucumber.runtime.model.CucumberScenario.run(CucumberScenario.java:44)
	at cucumber.runtime.model.CucumberFeature.run(CucumberFeature.java:165)
	at cucumber.runtime.Runtime.run(Runtime.java:121)
	at cucumber.api.cli.Main.run(Main.java:36)
	at cucumber.api.cli.Main.main(Main.java:18)
	at sun.reflect.NativeMethodAccessorImpl.invoke0(Native Method)
	at sun.reflect.NativeMethodAccessorImpl.invoke(NativeMethodAccessorImpl.java:62)
	at sun.reflect.DelegatingMethodAccessorImpl.invoke(DelegatingMethodAccessorImpl.java:43)
	at java.lang.reflect.Method.invoke(Method.java:498)
	at com.intellij.rt.execution.application.AppMain.main(AppMain.java:144)
14:08:06 WARN : Hooks - "SeniorSoftware successfully" scenario has failed! Screenshot embedded in the report.
14:08:06 DEBUG: Hooks - ***** END of Scenario: SeniorSoftware successfully *****
14:08:06 INFO : WebDriverConfig - ===============================================================
14:08:06 INFO : WebDriverConfig - |          Stopping driver (closing browser)                   |
14:08:06 INFO : WebDriverConfig - ===============================================================
14:08:07 DEBUG: WebDriverConfig - ===============================================================
14:08:07 DEBUG: WebDriverConfig - |         Driver stopped (browser closed)                     |
14:08:07 DEBUG: WebDriverConfig - ===============================================================

14:13:09 DEBUG: Hooks - ***** START of Scenario: SeniorSoftware successfully *****
14:13:09 INFO : InitDriver - ===============================================================
14:13:09 INFO : InitDriver - |          Environment : ft
14:13:09 INFO : InitDriver - |          Operating System : Windows 10
14:13:09 INFO : InitDriver - |          Browser: chrome
14:13:09 INFO : InitDriver - |          Browser config file: chrome.properties
14:13:09 INFO : InitDriver - ===============================================================

14:13:09 DEBUG: WebDriverConfig - File: chrome.properties exists
14:13:09 INFO : WebLocatorConfig - 
	weblocator.log.containers=false
	weblocator.log.useClassName=false
	weblocator.log.xPath=true
	weblocator.log.retryException=true
	weblocator.log.suggestions=true
	weblocator.highlight=true
	weblocator.generateCssSelector=false
	weblocator.defaults.renderMillis=5000
	weblocator.defaults.searchType=contains
	weblocator.defaults.labelPosition=/parent::*/following-sibling::div[1]//
	weblocator.min.chars.toType=-1
	driver.autoClose=true
	driver.implicitlyWait=150
	upload.exe.path=src\test\resources\upload\upload.exe
	weblocator.log.logXPathEnabled=true

14:13:09 INFO : WebDriverConfig - Browser is: chrome
14:13:09 INFO : WebDriverConfig - 
	browser=chrome
	browser.driver.path=src\test\resources\drivers\chromedriver.exe
	browser.download.dir=src/test/resources/downloads/
	options.arguments=--lang=en --allow-running-insecure-content --enable-logging --v=1 --test-type
	options.experimental.profile.default_content_setting_values.automatic_downloads=1
	options.experimental.profile.content_settings.pattern_pairs.*.multiple-automatic-downloads=1
	options.experimental.profile.default_content_settings.popups=0
	options.experimental.download.prompt_for_download=1

14:13:09 INFO : ChromeConfigReader - The properties was load with success: 
	browser=chrome
	browser.driver.path=src\test\resources\drivers\chromedriver.exe
	browser.download.dir=src/test/resources/downloads/
	options.arguments=--lang=en --allow-running-insecure-content --enable-logging --v=1 --test-type
	options.experimental.profile.default_content_setting_values.automatic_downloads=1
	options.experimental.profile.content_settings.pattern_pairs.*.multiple-automatic-downloads=1
	options.experimental.profile.default_content_settings.popups=0
	options.experimental.download.prompt_for_download=1

14:13:11 INFO : WebDriverConfig - ===============================================================
14:13:11 INFO : WebDriverConfig - |          Open Selenium Web Driver 
14:13:11 INFO : WebDriverConfig - ===============================================================

14:13:18 INFO : WebLocator - click on menu-item-231
14:13:19 INFO : WebLocator - click on item isotope-item testing
14:13:20 INFO : WebLocator - sendKeys value(your-name): 'a'
14:13:20 INFO : WebLocator - sendKeys value(your-email): 'b'
14:13:20 INFO : WebLocator - sendKeys value(your-number): 'c'
14:13:20 INFO : WebLocator - sendKeys value(your-message): 'd'
14:13:20 INFO : WebLocator - sendKeys value(wpcf7-form-control): 'src\test\resources\drivers\cv Ionut Negreanu.pdf'
14:13:40 DEBUG: Hooks - ***** END of Scenario: SeniorSoftware successfully *****
14:13:40 INFO : WebDriverConfig - ===============================================================
14:13:40 INFO : WebDriverConfig - |          Stopping driver (closing browser)                   |
14:13:40 INFO : WebDriverConfig - ===============================================================
14:13:42 DEBUG: WebDriverConfig - ===============================================================
14:13:42 DEBUG: WebDriverConfig - |         Driver stopped (browser closed)                     |
14:13:42 DEBUG: WebDriverConfig - ===============================================================

14:15:40 DEBUG: Hooks - ***** START of Scenario: SeniorSoftware successfully *****
14:15:40 INFO : InitDriver - ===============================================================
14:15:40 INFO : InitDriver - |          Environment : ft
14:15:40 INFO : InitDriver - |          Operating System : Windows 10
14:15:40 INFO : InitDriver - |          Browser: chrome
14:15:40 INFO : InitDriver - |          Browser config file: chrome.properties
14:15:40 INFO : InitDriver - ===============================================================

14:15:40 DEBUG: WebDriverConfig - File: chrome.properties exists
14:15:40 INFO : WebLocatorConfig - 
	weblocator.log.containers=false
	weblocator.log.useClassName=false
	weblocator.log.xPath=true
	weblocator.log.retryException=true
	weblocator.log.suggestions=true
	weblocator.highlight=true
	weblocator.generateCssSelector=false
	weblocator.defaults.renderMillis=5000
	weblocator.defaults.searchType=contains
	weblocator.defaults.labelPosition=/parent::*/following-sibling::div[1]//
	weblocator.min.chars.toType=-1
	driver.autoClose=true
	driver.implicitlyWait=150
	upload.exe.path=src\test\resources\upload\upload.exe
	weblocator.log.logXPathEnabled=true

14:15:40 INFO : WebDriverConfig - Browser is: chrome
14:15:40 INFO : WebDriverConfig - 
	browser=chrome
	browser.driver.path=src\test\resources\drivers\chromedriver.exe
	browser.download.dir=src/test/resources/downloads/
	options.arguments=--lang=en --allow-running-insecure-content --enable-logging --v=1 --test-type
	options.experimental.profile.default_content_setting_values.automatic_downloads=1
	options.experimental.profile.content_settings.pattern_pairs.*.multiple-automatic-downloads=1
	options.experimental.profile.default_content_settings.popups=0
	options.experimental.download.prompt_for_download=1

14:15:40 INFO : ChromeConfigReader - The properties was load with success: 
	browser=chrome
	browser.driver.path=src\test\resources\drivers\chromedriver.exe
	browser.download.dir=src/test/resources/downloads/
	options.arguments=--lang=en --allow-running-insecure-content --enable-logging --v=1 --test-type
	options.experimental.profile.default_content_setting_values.automatic_downloads=1
	options.experimental.profile.content_settings.pattern_pairs.*.multiple-automatic-downloads=1
	options.experimental.profile.default_content_settings.popups=0
	options.experimental.download.prompt_for_download=1

14:15:43 INFO : WebDriverConfig - ===============================================================
14:15:43 INFO : WebDriverConfig - |          Open Selenium Web Driver 
14:15:43 INFO : WebDriverConfig - ===============================================================

14:15:51 INFO : WebLocator - click on menu-item-231
14:15:52 INFO : WebLocator - click on item isotope-item testing
14:15:52 INFO : WebLocator - sendKeys value(your-name): 'a'
14:15:53 INFO : WebLocator - sendKeys value(your-email): 'b'
14:15:53 INFO : WebLocator - sendKeys value(your-number): 'c'
14:15:53 INFO : WebLocator - sendKeys value(your-message): 'd'
14:15:53 INFO : WebLocator - sendKeys value(wpcf7-file): 'D:\Recogroup\zikyoAutomation-master\src\test\resources\drivers\cv Ionut Negreanu.pdf'
14:16:13 DEBUG: Hooks - ***** END of Scenario: SeniorSoftware successfully *****
14:16:13 INFO : WebDriverConfig - ===============================================================
14:16:13 INFO : WebDriverConfig - |          Stopping driver (closing browser)                   |
14:16:13 INFO : WebDriverConfig - ===============================================================
14:16:14 DEBUG: WebDriverConfig - ===============================================================
14:16:14 DEBUG: WebDriverConfig - |         Driver stopped (browser closed)                     |
14:16:14 DEBUG: WebDriverConfig - ===============================================================

14:16:29 DEBUG: Hooks - ***** START of Scenario: SeniorSoftware successfully *****
14:16:29 INFO : InitDriver - ===============================================================
14:16:29 INFO : InitDriver - |          Environment : ft
14:16:29 INFO : InitDriver - |          Operating System : Windows 10
14:16:29 INFO : InitDriver - |          Browser: chrome
14:16:29 INFO : InitDriver - |          Browser config file: chrome.properties
14:16:29 INFO : InitDriver - ===============================================================

14:16:29 DEBUG: WebDriverConfig - File: chrome.properties exists
14:16:29 INFO : WebLocatorConfig - 
	weblocator.log.containers=false
	weblocator.log.useClassName=false
	weblocator.log.xPath=true
	weblocator.log.retryException=true
	weblocator.log.suggestions=true
	weblocator.highlight=true
	weblocator.generateCssSelector=false
	weblocator.defaults.renderMillis=5000
	weblocator.defaults.searchType=contains
	weblocator.defaults.labelPosition=/parent::*/following-sibling::div[1]//
	weblocator.min.chars.toType=-1
	driver.autoClose=true
	driver.implicitlyWait=150
	upload.exe.path=src\test\resources\upload\upload.exe
	weblocator.log.logXPathEnabled=true

14:16:29 INFO : WebDriverConfig - Browser is: chrome
14:16:29 INFO : WebDriverConfig - 
	browser=chrome
	browser.driver.path=src\test\resources\drivers\chromedriver.exe
	browser.download.dir=src/test/resources/downloads/
	options.arguments=--lang=en --allow-running-insecure-content --enable-logging --v=1 --test-type
	options.experimental.profile.default_content_setting_values.automatic_downloads=1
	options.experimental.profile.content_settings.pattern_pairs.*.multiple-automatic-downloads=1
	options.experimental.profile.default_content_settings.popups=0
	options.experimental.download.prompt_for_download=1

14:16:29 INFO : ChromeConfigReader - The properties was load with success: 
	browser=chrome
	browser.driver.path=src\test\resources\drivers\chromedriver.exe
	browser.download.dir=src/test/resources/downloads/
	options.arguments=--lang=en --allow-running-insecure-content --enable-logging --v=1 --test-type
	options.experimental.profile.default_content_setting_values.automatic_downloads=1
	options.experimental.profile.content_settings.pattern_pairs.*.multiple-automatic-downloads=1
	options.experimental.profile.default_content_settings.popups=0
	options.experimental.download.prompt_for_download=1

14:16:31 INFO : WebDriverConfig - ===============================================================
14:16:31 INFO : WebDriverConfig - |          Open Selenium Web Driver 
14:16:31 INFO : WebDriverConfig - ===============================================================

14:16:40 INFO : WebLocator - click on menu-item-231
14:16:41 INFO : WebLocator - click on item isotope-item testing
14:16:41 INFO : WebLocator - sendKeys value(your-name): 'a'
14:16:41 INFO : WebLocator - sendKeys value(your-email): 'b'
14:16:42 INFO : WebLocator - sendKeys value(your-number): 'c'
14:16:42 INFO : WebLocator - sendKeys value(your-message): 'd'
14:16:42 INFO : WebLocator - sendKeys value(wpcf7-file): 'D:\Recogroup\zikyoAutomation-master\src\test\resources\drivers\cv Ionut Negreanu.pdf'
14:17:02 DEBUG: Hooks - ***** END of Scenario: SeniorSoftware successfully *****
14:17:02 INFO : WebDriverConfig - ===============================================================
14:17:02 INFO : WebDriverConfig - |          Stopping driver (closing browser)                   |
14:17:02 INFO : WebDriverConfig - ===============================================================
14:17:03 DEBUG: WebDriverConfig - ===============================================================
14:17:03 DEBUG: WebDriverConfig - |         Driver stopped (browser closed)                     |
14:17:03 DEBUG: WebDriverConfig - ===============================================================

